c:\users\administrator\desktop\ninjagaiden\ninjagaiden\debug\vc140.pdb
c:\users\administrator\desktop\ninjagaiden\ninjagaiden\debug\vc140.idb
c:\users\administrator\desktop\ninjagaiden\ninjagaiden\debug\background.obj
c:\users\administrator\desktop\ninjagaiden\ninjagaiden\debug\box.obj
c:\users\administrator\desktop\ninjagaiden\ninjagaiden\debug\camera.obj
c:\users\administrator\desktop\ninjagaiden\ninjagaiden\debug\collision.obj
c:\users\administrator\desktop\ninjagaiden\ninjagaiden\debug\dxaudio.obj
c:\users\administrator\desktop\ninjagaiden\ninjagaiden\debug\game.obj
c:\users\administrator\desktop\ninjagaiden\ninjagaiden\debug\keyboard.obj
c:\users\administrator\desktop\ninjagaiden\ninjagaiden\debug\main.obj
c:\users\administrator\desktop\ninjagaiden\ninjagaiden\debug\graphics.obj
c:\users\administrator\desktop\ninjagaiden\ninjagaiden\debug\audio.obj
c:\users\administrator\desktop\ninjagaiden\ninjagaiden\debug\mymath.obj
c:\users\administrator\desktop\ninjagaiden\ninjagaiden\debug\rec.obj
c:\users\administrator\desktop\ninjagaiden\ninjagaiden\debug\scene.obj
c:\users\administrator\desktop\ninjagaiden\ninjagaiden\debug\scene1.obj
c:\users\administrator\desktop\ninjagaiden\ninjagaiden\debug\splashscene.obj
c:\users\administrator\desktop\ninjagaiden\ninjagaiden\debug\sprite.obj
c:\users\administrator\desktop\ninjagaiden\ninjagaiden\debug\text.obj
c:\users\administrator\desktop\ninjagaiden\ninjagaiden\debug\utils.obj
c:\users\administrator\desktop\ninjagaiden\ninjagaiden\debug\mywindows.obj
c:\users\administrator\desktop\ninjagaiden\ninjagaiden\debug\weapon.obj
c:\users\administrator\desktop\ninjagaiden\ninjagaiden\debug\jumpparabolright.obj
c:\users\administrator\desktop\ninjagaiden\ninjagaiden\debug\jumpverticalright.obj
c:\users\administrator\desktop\ninjagaiden\ninjagaiden\debug\jumpverticalleft.obj
c:\users\administrator\desktop\ninjagaiden\ninjagaiden\debug\ninja.obj
c:\users\administrator\desktop\ninjagaiden\ninjagaiden\debug\ninjaactackleft.obj
c:\users\administrator\desktop\ninjagaiden\ninjagaiden\debug\ninjaactackright.obj
c:\users\administrator\desktop\ninjagaiden\ninjagaiden\debug\ninjacontrol.obj
c:\users\administrator\desktop\ninjagaiden\ninjagaiden\debug\ninjagraphics.obj
c:\users\administrator\desktop\ninjagaiden\ninjagaiden\debug\ninjarunleft.obj
c:\users\administrator\desktop\ninjagaiden\ninjagaiden\debug\ninjarunright.obj
c:\users\administrator\desktop\ninjagaiden\ninjagaiden\debug\ninjastandleft.obj
c:\users\administrator\desktop\ninjagaiden\ninjagaiden\debug\ninjastandright.obj
c:\users\administrator\desktop\ninjagaiden\ninjagaiden\debug\ninjastate.obj
c:\users\administrator\desktop\ninjagaiden\ninjagaiden\debug\objectwithmap.obj
c:\users\administrator\desktop\ninjagaiden\ninjagaiden\debug\phisicalinteraction.obj
c:\users\administrator\desktop\ninjagaiden\ninjagaiden\debug\static.obj
c:\users\administrator\desktop\ninjagaiden\ninjagaiden\debug\gamescene.obj
c:\users\administrator\desktop\ninjagaiden\ninjagaiden\debug\log.obj
c:\users\administrator\desktop\ninjagaiden\ninjagaiden\debug\map.obj
c:\users\administrator\desktop\ninjagaiden\ninjagaiden\debug\object.obj
c:\users\administrator\desktop\ninjagaiden\ninjagaiden\debug\enemy.obj
c:\users\administrator\desktop\ninjagaiden\ninjagaiden\debug\hurt.obj
c:\users\administrator\desktop\ninjagaiden\ninjagaiden\debug\interaction.obj
c:\users\administrator\desktop\ninjagaiden\ninjagaiden\debug\item.obj
c:\users\administrator\desktop\ninjagaiden\ninjagaiden\debug\jumpparabolleft.obj
c:\users\administrator\desktop\ninjagaiden\ninjagaiden\debug\swordman.obj
c:\users\administrator\desktop\ninjagaiden\ninjagaiden\debug\swordmancontrol.obj
c:\users\administrator\desktop\ninjagaiden\ninjagaiden\debug\swordmangraphics.obj
c:\users\administrator\desktop\ninjagaiden\ninjagaiden\debug\swordmanstate.obj
c:\users\administrator\desktop\ninjagaiden\ninjagaiden\debug\swordmanrunleft.obj
c:\users\administrator\desktop\ninjagaiden\ninjagaiden\debug\swordmanrunright.obj
c:\users\administrator\desktop\ninjagaiden\ninjagaiden\debug\ninjaattackleft.obj
c:\users\administrator\desktop\ninjagaiden\ninjagaiden\debug\ninjaattackright.obj
c:\users\administrator\desktop\ninjagaiden\ninjagaiden\debug\swordmanattackleft.obj
c:\users\administrator\desktop\ninjagaiden\ninjagaiden\debug\swordmanattackright.obj
c:\users\administrator\desktop\ninjagaiden\ninjagaiden\debug\map1.obj
c:\users\administrator\desktop\ninjagaiden\ninjagaiden\debug\map2.obj
c:\users\administrator\desktop\ninjagaiden\ninjagaiden\debug\map3.obj
c:\users\administrator\desktop\ninjagaiden\debug\ninjagaiden.pdb
c:\users\administrator\desktop\ninjagaiden\ninjagaiden\debug\ninjagaiden.tlog\cl.command.1.tlog
c:\users\administrator\desktop\ninjagaiden\ninjagaiden\debug\ninjagaiden.tlog\cl.read.1.tlog
c:\users\administrator\desktop\ninjagaiden\ninjagaiden\debug\ninjagaiden.tlog\cl.write.1.tlog
c:\users\administrator\desktop\ninjagaiden\ninjagaiden\debug\ninjagaiden.tlog\link.2844-cvtres.read.1.tlog
c:\users\administrator\desktop\ninjagaiden\ninjagaiden\debug\ninjagaiden.tlog\link.2844-cvtres.write.1.tlog
c:\users\administrator\desktop\ninjagaiden\ninjagaiden\debug\ninjagaiden.tlog\link.2844-rc.read.1.tlog
c:\users\administrator\desktop\ninjagaiden\ninjagaiden\debug\ninjagaiden.tlog\link.2844-rc.write.1.tlog
c:\users\administrator\desktop\ninjagaiden\ninjagaiden\debug\ninjagaiden.tlog\link.2844.read.1.tlog
c:\users\administrator\desktop\ninjagaiden\ninjagaiden\debug\ninjagaiden.tlog\link.2844.write.1.tlog
c:\users\administrator\desktop\ninjagaiden\ninjagaiden\debug\ninjagaiden.tlog\link.command.1.tlog
c:\users\administrator\desktop\ninjagaiden\ninjagaiden\debug\ninjagaiden.tlog\link.read.1.tlog
c:\users\administrator\desktop\ninjagaiden\ninjagaiden\debug\ninjagaiden.tlog\link.write.1.tlog
